#
# There is insufficient memory for the Java Runtime Environment to continue.
# Native memory allocation (malloc) failed to allocate 59744 bytes for Chunk::new
# Possible reasons:
#   The system is out of physical RAM or swap space
#   The process is running with CompressedOops enabled, and the Java Heap may be blocking the growth of the native heap
# Possible solutions:
#   Reduce memory load on the system
#   Increase physical memory or swap space
#   Check if swap backing store is full
#   Decrease Java heap size (-Xmx/-Xms)
#   Decrease number of Java threads
#   Decrease Java thread stack sizes (-Xss)
#   Set larger code cache with -XX:ReservedCodeCacheSize=
#   JVM is running with Zero Based Compressed Oops mode in which the Java heap is
#     placed in the first 32GB address space. The Java Heap base address is the
#     maximum limit for the native heap growth. Please use -XX:HeapBaseMinAddress
#     to set the Java Heap base and to place the Java Heap above 32GB virtual address.
# This output file may be truncated or incomplete.
#
#  Out of Memory Error (allocation.cpp:389), pid=16764, tid=0x00000000000073c8
#
# JRE version: OpenJDK Runtime Environment (8.0_312-b07) (build 1.8.0_312-b07)
# Java VM: OpenJDK 64-Bit Server VM (25.312-b07 mixed mode windows-amd64 compressed oops)
# Failed to write core dump. Minidumps are not enabled by default on client versions of Windows
#

---------------  T H R E A D  ---------------

Current thread (0x0000024eceba8800):  JavaThread "C2 CompilerThread2" daemon [_thread_in_native, id=29640, stack(0x0000005271f00000,0x0000005272000000)]

Stack: [0x0000005271f00000,0x0000005272000000]
[error occurred during error reporting (printing stack bounds), id 0xc0000005]

Native frames: (J=compiled Java code, j=interpreted, Vv=VM code, C=native code)


Current CompileTask:
C2:   5610 4578       4       org.springframework.core.ResolvableType::equals (157 bytes)


---------------  P R O C E S S  ---------------

Java Threads: ( => current thread )
  0x0000024ed56ba000 JavaThread "HikariPool-1 connection adder" daemon [_thread_blocked, id=25604, stack(0x0000005272b00000,0x0000005272c00000)]
  0x0000024ed5483000 JavaThread "HikariPool-1 housekeeper" daemon [_thread_blocked, id=17020, stack(0x0000005272a00000,0x0000005272b00000)]
  0x0000024ed20b4000 JavaThread "mysql-cj-abandoned-connection-cleanup" daemon [_thread_blocked, id=28676, stack(0x0000005272800000,0x0000005272900000)]
  0x0000024ed5279800 JavaThread "container-0" [_thread_blocked, id=18952, stack(0x0000005272700000,0x0000005272800000)]
  0x0000024ed1cca000 JavaThread "Catalina-utility-2" [_thread_blocked, id=26372, stack(0x0000005272600000,0x0000005272700000)]
  0x0000024ed54be000 JavaThread "Catalina-utility-1" [_thread_blocked, id=25932, stack(0x0000005272500000,0x0000005272600000)]
  0x0000024ecf862000 JavaThread "restartedMain" [_thread_in_native, id=25192, stack(0x0000005272400000,0x0000005272500000)]
  0x0000024ecf85f000 JavaThread "Thread-0" [_thread_blocked, id=30044, stack(0x0000005272300000,0x0000005272400000)]
  0x0000024ecec1a800 JavaThread "Service Thread" daemon [_thread_blocked, id=9408, stack(0x0000005272100000,0x0000005272200000)]
  0x0000024eceba9800 JavaThread "C1 CompilerThread3" daemon [_thread_blocked, id=24080, stack(0x0000005272000000,0x0000005272100000)]
=>0x0000024eceba8800 JavaThread "C2 CompilerThread2" daemon [_thread_in_native, id=29640, stack(0x0000005271f00000,0x0000005272000000)]
  0x0000024eceba6000 JavaThread "C2 CompilerThread1" daemon [_thread_in_native, id=17580, stack(0x0000005271e00000,0x0000005271f00000)]
  0x0000024ecebab800 JavaThread "C2 CompilerThread0" daemon [_thread_in_native, id=21276, stack(0x0000005271d00000,0x0000005271e00000)]
  0x0000024eceba3800 JavaThread "Attach Listener" daemon [_thread_blocked, id=11580, stack(0x0000005271c00000,0x0000005271d00000)]
  0x0000024ecc7ae800 JavaThread "Signal Dispatcher" daemon [_thread_blocked, id=23792, stack(0x0000005271b00000,0x0000005271c00000)]
  0x0000024ecc765800 JavaThread "Finalizer" daemon [_thread_blocked, id=27788, stack(0x0000005271a00000,0x0000005271b00000)]
  0x0000024ecc75d800 JavaThread "Reference Handler" daemon [_thread_blocked, id=7844, stack(0x0000005271900000,0x0000005271a00000)]
  0x0000024eb1872800 JavaThread "main" [_thread_blocked, id=10820, stack(0x0000005270d00000,0x0000005270e00000)]

Other Threads:
  0x0000024ecc735800 VMThread [stack: 0x0000005271800000,0x0000005271900000] [id=29064]
  0x0000024ecec1c000 WatcherThread [stack: 0x0000005272200000,0x0000005272300000] [id=17532]

VM state:not at safepoint (normal execution)

VM Mutex/Monitor currently owned by a thread: None

heap address: 0x00000006c2400000, size: 4060 MB, Compressed Oops mode: Zero based, Oop shift amount: 3
Narrow klass base: 0x0000000000000000, Narrow klass shift: 3
Compressed class space size: 1073741824 Address: 0x00000007c0000000

Heap:
 PSYoungGen      total 140800K, used 25103K [0x000000076b700000, 0x0000000774b00000, 0x00000007c0000000)
  eden space 130048K, 11% used [0x000000076b700000,0x000000076c504e28,0x0000000773600000)
  from space 10752K, 99% used [0x0000000774080000,0x0000000774afef48,0x0000000774b00000)
  to   space 10752K, 0% used [0x0000000773600000,0x0000000773600000,0x0000000774080000)
 ParOldGen       total 95232K, used 18983K [0x00000006c2400000, 0x00000006c8100000, 0x000000076b700000)
  object space 95232K, 19% used [0x00000006c2400000,0x00000006c3689e20,0x00000006c8100000)
 Metaspace       used 51638K, capacity 54950K, committed 55256K, reserved 1097728K
  class space    used 7007K, capacity 7568K, committed 7680K, reserved 1048576K

Card table byte_map: [0x0000024ec28a0000,0x0000024ec3090000] byte_map_base: 0x0000024ebf28e000

Marking Bits: (ParMarkBitMap*) 0x0000000051191860
 Begin Bits: [0x0000024ec35e0000, 0x0000024ec7550000)
 End Bits:   [0x0000024ec7550000, 0x0000024ecb4c0000)

Polling page: 0x0000024eb1940000

CodeCache: size=245760Kb used=15030Kb max_used=15866Kb free=230729Kb
 bounds [0x0000024eb34e0000, 0x0000024eb4480000, 0x0000024ec24e0000]
 total_blobs=4959 nmethods=4456 adapters=414
 compilation: enabled

Compilation events (10 events):
Event: 5.599 Thread 0x0000024eceba9800 4939       2       org.springframework.beans.factory.support.DefaultSingletonBeanRegistry::isCurrentlyInCreation (33 bytes)
Event: 5.599 Thread 0x0000024eceba9800 nmethod 4939 0x0000024eb3c20650 code [0x0000024eb3c207e0, 0x0000024eb3c20a70]
Event: 5.599 Thread 0x0000024eceba9800 4940       2       org.springframework.beans.factory.support.AbstractBeanFactory::isActuallyInCreation (22 bytes)
Event: 5.600 Thread 0x0000024eceba9800 nmethod 4940 0x0000024eb373a7d0 code [0x0000024eb373a940, 0x0000024eb373ab20]
Event: 5.600 Thread 0x0000024eceba9800 4943       2       org.springframework.beans.factory.support.RootBeanDefinition::<init> (91 bytes)
Event: 5.600 Thread 0x0000024eceba9800 nmethod 4943 0x0000024eb373a250 code [0x0000024eb373a3c0, 0x0000024eb373a6d0]
Event: 5.604 Thread 0x0000024eceba9800 4944       2       org.springframework.core.annotation.AnnotationUtils::isCandidateClass (9 bytes)
Event: 5.604 Thread 0x0000024eceba9800 nmethod 4944 0x0000024eb371c190 code [0x0000024eb371c320, 0x0000024eb371c600]
Event: 5.605 Thread 0x0000024eceba9800 4945       1       org.springframework.context.annotation.CommonAnnotationBeanPostProcessor::postProcessBeforeInstantiation (2 bytes)
Event: 5.605 Thread 0x0000024eceba9800 nmethod 4945 0x0000024eb3c20350 code [0x0000024eb3c204a0, 0x0000024eb3c205b8]

GC Heap History (10 events):
Event: 2.855 GC heap before
{Heap before GC invocations=6 (full 1):
 PSYoungGen      total 140800K, used 130048K [0x000000076b700000, 0x0000000774b00000, 0x00000007c0000000)
  eden space 130048K, 100% used [0x000000076b700000,0x0000000773600000,0x0000000773600000)
  from space 10752K, 0% used [0x0000000774080000,0x0000000774080000,0x0000000774b00000)
  to   space 10752K, 0% used [0x0000000773600000,0x0000000773600000,0x0000000774080000)
 ParOldGen       total 95232K, used 6614K [0x00000006c2400000, 0x00000006c8100000, 0x000000076b700000)
  object space 95232K, 6% used [0x00000006c2400000,0x00000006c2a75850,0x00000006c8100000)
 Metaspace       used 28943K, capacity 31078K, committed 31360K, reserved 1077248K
  class space    used 3726K, capacity 4107K, committed 4224K, reserved 1048576K
Event: 2.868 GC heap after
Heap after GC invocations=6 (full 1):
 PSYoungGen      total 140800K, used 10742K [0x000000076b700000, 0x0000000774b00000, 0x00000007c0000000)
  eden space 130048K, 0% used [0x000000076b700000,0x000000076b700000,0x0000000773600000)
  from space 10752K, 99% used [0x0000000773600000,0x000000077407d928,0x0000000774080000)
  to   space 10752K, 0% used [0x0000000774080000,0x0000000774080000,0x0000000774b00000)
 ParOldGen       total 95232K, used 8913K [0x00000006c2400000, 0x00000006c8100000, 0x000000076b700000)
  object space 95232K, 9% used [0x00000006c2400000,0x00000006c2cb4558,0x00000006c8100000)
 Metaspace       used 28943K, capacity 31078K, committed 31360K, reserved 1077248K
  class space    used 3726K, capacity 4107K, committed 4224K, reserved 1048576K
}
Event: 3.432 GC heap before
{Heap before GC invocations=7 (full 1):
 PSYoungGen      total 140800K, used 137836K [0x000000076b700000, 0x0000000774b00000, 0x00000007c0000000)
  eden space 130048K, 97% used [0x000000076b700000,0x000000077331d918,0x0000000773600000)
  from space 10752K, 99% used [0x0000000773600000,0x000000077407d928,0x0000000774080000)
  to   space 10752K, 0% used [0x0000000774080000,0x0000000774080000,0x0000000774b00000)
 ParOldGen       total 95232K, used 8913K [0x00000006c2400000, 0x00000006c8100000, 0x000000076b700000)
  object space 95232K, 9% used [0x00000006c2400000,0x00000006c2cb4558,0x00000006c8100000)
 Metaspace       used 33084K, capacity 35328K, committed 35416K, reserved 1079296K
  class space    used 4280K, capacity 4704K, committed 4736K, reserved 1048576K
Event: 3.439 GC heap after
Heap after GC invocations=7 (full 1):
 PSYoungGen      total 140800K, used 10069K [0x000000076b700000, 0x0000000774b00000, 0x00000007c0000000)
  eden space 130048K, 0% used [0x000000076b700000,0x000000076b700000,0x0000000773600000)
  from space 10752K, 93% used [0x0000000774080000,0x0000000774a55758,0x0000000774b00000)
  to   space 10752K, 0% used [0x0000000773600000,0x0000000773600000,0x0000000774080000)
 ParOldGen       total 95232K, used 8921K [0x00000006c2400000, 0x00000006c8100000, 0x000000076b700000)
  object space 95232K, 9% used [0x00000006c2400000,0x00000006c2cb6558,0x00000006c8100000)
 Metaspace       used 33084K, capacity 35328K, committed 35416K, reserved 1079296K
  class space    used 4280K, capacity 4704K, committed 4736K, reserved 1048576K
}
Event: 3.439 GC heap before
{Heap before GC invocations=8 (full 2):
 PSYoungGen      total 140800K, used 10069K [0x000000076b700000, 0x0000000774b00000, 0x00000007c0000000)
  eden space 130048K, 0% used [0x000000076b700000,0x000000076b700000,0x0000000773600000)
  from space 10752K, 93% used [0x0000000774080000,0x0000000774a55758,0x0000000774b00000)
  to   space 10752K, 0% used [0x0000000773600000,0x0000000773600000,0x0000000774080000)
 ParOldGen       total 95232K, used 8921K [0x00000006c2400000, 0x00000006c8100000, 0x000000076b700000)
  object space 95232K, 9% used [0x00000006c2400000,0x00000006c2cb6558,0x00000006c8100000)
 Metaspace       used 33084K, capacity 35328K, committed 35416K, reserved 1079296K
  class space    used 4280K, capacity 4704K, committed 4736K, reserved 1048576K
Event: 3.490 GC heap after
Heap after GC invocations=8 (full 2):
 PSYoungGen      total 140800K, used 0K [0x000000076b700000, 0x0000000774b00000, 0x00000007c0000000)
  eden space 130048K, 0% used [0x000000076b700000,0x000000076b700000,0x0000000773600000)
  from space 10752K, 0% used [0x0000000774080000,0x0000000774080000,0x0000000774b00000)
  to   space 10752K, 0% used [0x0000000773600000,0x0000000773600000,0x0000000774080000)
 ParOldGen       total 95232K, used 14780K [0x00000006c2400000, 0x00000006c8100000, 0x000000076b700000)
  object space 95232K, 15% used [0x00000006c2400000,0x00000006c326f0e0,0x00000006c8100000)
 Metaspace       used 33084K, capacity 35328K, committed 35416K, reserved 1079296K
  class space    used 4280K, capacity 4704K, committed 4736K, reserved 1048576K
}
Event: 4.725 GC heap before
{Heap before GC invocations=9 (full 2):
 PSYoungGen      total 140800K, used 130048K [0x000000076b700000, 0x0000000774b00000, 0x00000007c0000000)
  eden space 130048K, 100% used [0x000000076b700000,0x0000000773600000,0x0000000773600000)
  from space 10752K, 0% used [0x0000000774080000,0x0000000774080000,0x0000000774b00000)
  to   space 10752K, 0% used [0x0000000773600000,0x0000000773600000,0x0000000774080000)
 ParOldGen       total 95232K, used 14780K [0x00000006c2400000, 0x00000006c8100000, 0x000000076b700000)
  object space 95232K, 15% used [0x00000006c2400000,0x00000006c326f0e0,0x00000006c8100000)
 Metaspace       used 46164K, capacity 48792K, committed 48984K, reserved 1091584K
  class space    used 6268K, capacity 6707K, committed 6784K, reserved 1048576K
Event: 4.733 GC heap after
Heap after GC invocations=9 (full 2):
 PSYoungGen      total 140800K, used 10739K [0x000000076b700000, 0x0000000774b00000, 0x00000007c0000000)
  eden space 130048K, 0% used [0x000000076b700000,0x000000076b700000,0x0000000773600000)
  from space 10752K, 99% used [0x0000000773600000,0x000000077407cce8,0x0000000774080000)
  to   space 10752K, 0% used [0x0000000774080000,0x0000000774080000,0x0000000774b00000)
 ParOldGen       total 95232K, used 18516K [0x00000006c2400000, 0x00000006c8100000, 0x000000076b700000)
  object space 95232K, 19% used [0x00000006c2400000,0x00000006c3615338,0x00000006c8100000)
 Metaspace       used 46164K, capacity 48792K, committed 48984K, reserved 1091584K
  class space    used 6268K, capacity 6707K, committed 6784K, reserved 1048576K
}
Event: 5.485 GC heap before
{Heap before GC invocations=10 (full 2):
 PSYoungGen      total 140800K, used 140787K [0x000000076b700000, 0x0000000774b00000, 0x00000007c0000000)
  eden space 130048K, 100% used [0x000000076b700000,0x0000000773600000,0x0000000773600000)
  from space 10752K, 99% used [0x0000000773600000,0x000000077407cce8,0x0000000774080000)
  to   space 10752K, 0% used [0x0000000774080000,0x0000000774080000,0x0000000774b00000)
 ParOldGen       total 95232K, used 18516K [0x00000006c2400000, 0x00000006c8100000, 0x000000076b700000)
  object space 95232K, 19% used [0x00000006c2400000,0x00000006c3615338,0x00000006c8100000)
 Metaspace       used 51206K, capacity 54502K, committed 54616K, reserved 1095680K
  class space    used 6953K, capacity 7476K, committed 7552K, reserved 1048576K
Event: 5.493 GC heap after
Heap after GC invocations=10 (full 2):
 PSYoungGen      total 140800K, used 10747K [0x000000076b700000, 0x0000000774b00000, 0x00000007c0000000)
  eden space 130048K, 0% used [0x000000076b700000,0x000000076b700000,0x0000000773600000)
  from space 10752K, 99% used [0x0000000774080000,0x0000000774afef48,0x0000000774b00000)
  to   space 10752K, 0% used [0x0000000773600000,0x0000000773600000,0x0000000774080000)
 ParOldGen       total 95232K, used 18983K [0x00000006c2400000, 0x00000006c8100000, 0x000000076b700000)
  object space 95232K, 19% used [0x00000006c2400000,0x00000006c3689e20,0x00000006c8100000)
 Metaspace       used 51206K, capacity 54502K, committed 54616K, reserved 1095680K
  class space    used 6953K, capacity 7476K, committed 7552K, reserved 1048576K
}

Deoptimization events (10 events):
Event: 5.329 Thread 0x0000024ecf862000 Uncommon trap: reason=unstable_if action=reinterpret pc=0x0000024eb39493fc method=org.springframework.util.ConcurrentReferenceHashMap$Segment.restructureIfNecessary(Z)V @ 41
Event: 5.493 Thread 0x0000024ecc765800 Uncommon trap: reason=unstable_if action=reinterpret pc=0x0000024eb3fd4808 method=java.lang.ref.Finalizer.remove()V @ 10
Event: 5.494 Thread 0x0000024ecc765800 Uncommon trap: reason=unstable_if action=reinterpret pc=0x0000024eb3fd73b0 method=java.lang.ref.Finalizer.remove()V @ 10
Event: 5.494 Thread 0x0000024ecc765800 Uncommon trap: reason=unstable_if action=reinterpret pc=0x0000024eb3fd60f8 method=java.lang.ref.Finalizer.remove()V @ 10
Event: 5.545 Thread 0x0000024ecf862000 Uncommon trap: reason=unstable_if action=reinterpret pc=0x0000024eb3a53a6c method=java.util.concurrent.ConcurrentHashMap.transfer([Ljava/util/concurrent/ConcurrentHashMap$Node;[Ljava/util/concurrent/ConcurrentHashMap$Node;)V @ 356
Event: 5.551 Thread 0x0000024ecf862000 Uncommon trap: reason=class_check action=maybe_recompile pc=0x0000024eb3fad658 method=java.lang.reflect.Method.equals(Ljava/lang/Object;)Z @ 5
Event: 5.558 Thread 0x0000024ecf862000 Uncommon trap: reason=bimorphic action=maybe_recompile pc=0x0000024eb3e634e8 method=java.util.Collections$SetFromMap.contains(Ljava/lang/Object;)Z @ 5
Event: 5.573 Thread 0x0000024ecf862000 Uncommon trap: reason=unstable_if action=reinterpret pc=0x0000024eb43949f4 method=org.springframework.core.annotation.AnnotationsScanner.processClassInheritedAnnotations(Ljava/lang/Object;Ljava/lang/Class;Lorg/springframework/core/annotation/MergedAnnotat
Event: 5.592 Thread 0x0000024ecf862000 Uncommon trap: reason=class_check action=maybe_recompile pc=0x0000024eb3fad658 method=java.lang.reflect.Method.equals(Ljava/lang/Object;)Z @ 5
Event: 5.592 Thread 0x0000024ecf862000 Uncommon trap: reason=class_check action=maybe_recompile pc=0x0000024eb3fad658 method=java.lang.reflect.Method.equals(Ljava/lang/Object;)Z @ 5

Classes redefined (0 events):
No events

Internal exceptions (10 events):
Event: 5.583 Thread 0x0000024ecf862000 Exception <a 'java/lang/ClassNotFoundException': java/lang/ObjectCustomizer> (0x000000076c0b0470) thrown at [C:\wsjdk\Corretto8Src\installers\windows\zip\corretto-build\buildRoot\src\hotspot\src\share\vm\classfile\systemDictionary.cpp, line 217]
Event: 5.584 Thread 0x0000024ecf862000 Exception <a 'java/lang/ClassNotFoundException': org/springframework/web/servlet/config/annotation/WebMvcConfigurationSupportCustomizer> (0x000000076c0d6a98) thrown at [C:\wsjdk\Corretto8Src\installers\windows\zip\corretto-build\buildRoot\src\hotspot\src\
Event: 5.584 Thread 0x0000024ecf862000 Exception <a 'java/lang/ClassNotFoundException': org/springframework/web/servlet/config/annotation/DelegatingWebMvcConfigurationCustomizer> (0x000000076c111440) thrown at [C:\wsjdk\Corretto8Src\installers\windows\zip\corretto-build\buildRoot\src\hotspot\s
Event: 5.585 Thread 0x0000024ecf862000 Exception <a 'java/lang/ClassNotFoundException': org/springframework/boot/autoconfigure/web/servlet/WebMvcAutoConfiguration$EnableWebMvcConfigurationCustomizer> (0x000000076c13faf0) thrown at [C:\wsjdk\Corretto8Src\installers\windows\zip\corretto-build\bu
Event: 5.586 Thread 0x0000024ecf862000 Exception <a 'java/lang/ClassNotFoundException': org/springframework/context/ResourceLoaderAwareCustomizer> (0x000000076c16e138) thrown at [C:\wsjdk\Corretto8Src\installers\windows\zip\corretto-build\buildRoot\src\hotspot\src\share\vm\classfile\systemDict
Event: 5.586 Thread 0x0000024ecf862000 Exception <a 'java/lang/ClassNotFoundException': org/springframework/beans/factory/AwareCustomizer> (0x000000076c1867c8) thrown at [C:\wsjdk\Corretto8Src\installers\windows\zip\corretto-build\buildRoot\src\hotspot\src\share\vm\classfile\systemDictionary.c
Event: 5.587 Thread 0x0000024ecf862000 Exception <a 'java/lang/ClassNotFoundException': org/springframework/context/ApplicationContextAwareCustomizer> (0x000000076c1a1a50) thrown at [C:\wsjdk\Corretto8Src\installers\windows\zip\corretto-build\buildRoot\src\hotspot\src\share\vm\classfile\system
Event: 5.587 Thread 0x0000024ecf862000 Exception <a 'java/lang/ClassNotFoundException': org/springframework/beans/factory/AwareCustomizer> (0x000000076c1ba6e8) thrown at [C:\wsjdk\Corretto8Src\installers\windows\zip\corretto-build\buildRoot\src\hotspot\src\share\vm\classfile\systemDictionary.c
Event: 5.588 Thread 0x0000024ecf862000 Exception <a 'java/lang/ClassNotFoundException': org/springframework/web/context/ServletContextAwareCustomizer> (0x000000076c1d5920) thrown at [C:\wsjdk\Corretto8Src\installers\windows\zip\corretto-build\buildRoot\src\hotspot\src\share\vm\classfile\system
Event: 5.588 Thread 0x0000024ecf862000 Exception <a 'java/lang/ClassNotFoundException': org/springframework/beans/factory/AwareCustomizer> (0x000000076c1ee028) thrown at [C:\wsjdk\Corretto8Src\installers\windows\zip\corretto-build\buildRoot\src\hotspot\src\share\vm\classfile\systemDictionary.c

Events (10 events):
Event: 5.603 loading class org/springframework/http/MediaType
Event: 5.603 loading class org/springframework/http/MediaType done
Event: 5.603 loading class java/util/ArrayList$ListItr
Event: 5.603 loading class java/util/ArrayList$ListItr done
Event: 5.603 Executing VM operation: Deoptimize
Event: 5.603 Executing VM operation: Deoptimize done
Event: 5.604 loading class org/springframework/web/context/request/NativeWebRequest
Event: 5.604 loading class org/springframework/web/context/request/NativeWebRequest done
Event: 5.605 loading class javax/money/MonetaryAmount
Event: 5.605 loading class javax/money/MonetaryAmount done


Dynamic libraries:
0x00007ff6de350000 - 0x00007ff6de38a000 	C:\Users\eb\.jdks\corretto-1.8.0_312\bin\java.exe
0x00007ff88ca10000 - 0x00007ff88cc08000 	C:\Windows\SYSTEM32\ntdll.dll
0x00007ff88aaf0000 - 0x00007ff88abaf000 	C:\Windows\System32\KERNEL32.DLL
0x00007ff88a1b0000 - 0x00007ff88a482000 	C:\Windows\System32\KERNELBASE.dll
0x00007ff88abb0000 - 0x00007ff88ac5e000 	C:\Windows\System32\ADVAPI32.dll
0x00007ff88ad40000 - 0x00007ff88adde000 	C:\Windows\System32\msvcrt.dll
0x00007ff88c3b0000 - 0x00007ff88c44c000 	C:\Windows\System32\sechost.dll
0x00007ff88af20000 - 0x00007ff88b045000 	C:\Windows\System32\RPCRT4.dll
0x00007ff88c6a0000 - 0x00007ff88c83d000 	C:\Windows\System32\USER32.dll
0x00007ff88a630000 - 0x00007ff88a652000 	C:\Windows\System32\win32u.dll
0x00007ff88b5d0000 - 0x00007ff88b5fb000 	C:\Windows\System32\GDI32.dll
0x00007ff88a490000 - 0x00007ff88a59f000 	C:\Windows\System32\gdi32full.dll
0x00007ff88a8c0000 - 0x00007ff88a95d000 	C:\Windows\System32\msvcp_win.dll
0x00007ff88a660000 - 0x00007ff88a760000 	C:\Windows\System32\ucrtbase.dll
0x00007ff87af50000 - 0x00007ff87b1ea000 	C:\Windows\WinSxS\amd64_microsoft.windows.common-controls_6595b64144ccf1df_6.0.19041.1110_none_60b5254171f9507e\COMCTL32.dll
0x00007ff88b6b0000 - 0x00007ff88b6e2000 	C:\Windows\System32\IMM32.DLL
0x00007ff8508a0000 - 0x00007ff85098f000 	C:\Users\eb\.jdks\corretto-1.8.0_312\jre\bin\msvcr120.dll
0x00007ff851db0000 - 0x00007ff851e56000 	C:\Users\eb\.jdks\corretto-1.8.0_312\jre\bin\msvcp120.dll
0x00000000509a0000 - 0x0000000051210000 	C:\Users\eb\.jdks\corretto-1.8.0_312\jre\bin\server\jvm.dll
0x00007ff88c450000 - 0x00007ff88c458000 	C:\Windows\System32\PSAPI.DLL
0x00007ff884ff0000 - 0x00007ff884ffa000 	C:\Windows\SYSTEM32\VERSION.dll
0x00007ff87a740000 - 0x00007ff87a767000 	C:\Windows\SYSTEM32\WINMM.dll
0x00007ff885ab0000 - 0x00007ff885ab9000 	C:\Windows\SYSTEM32\WSOCK32.dll
0x00007ff88c330000 - 0x00007ff88c39b000 	C:\Windows\System32\WS2_32.dll
0x00007ff886e70000 - 0x00007ff886e7f000 	C:\Users\eb\.jdks\corretto-1.8.0_312\jre\bin\verify.dll
0x00007ff864960000 - 0x00007ff864989000 	C:\Users\eb\.jdks\corretto-1.8.0_312\jre\bin\java.dll
0x00007ff886e50000 - 0x00007ff886e66000 	C:\Users\eb\.jdks\corretto-1.8.0_312\jre\bin\zip.dll
0x00007ff88b770000 - 0x00007ff88beb3000 	C:\Windows\System32\SHELL32.dll
0x00007ff8881f0000 - 0x00007ff888982000 	C:\Windows\SYSTEM32\windows.storage.dll
0x00007ff88b0c0000 - 0x00007ff88b414000 	C:\Windows\System32\combase.dll
0x00007ff889b70000 - 0x00007ff889ba0000 	C:\Windows\SYSTEM32\Wldp.dll
0x00007ff88b600000 - 0x00007ff88b6ad000 	C:\Windows\System32\SHCORE.dll
0x00007ff88c4c0000 - 0x00007ff88c515000 	C:\Windows\System32\shlwapi.dll
0x00007ff88a050000 - 0x00007ff88a06f000 	C:\Windows\SYSTEM32\profapi.dll
0x00007ff886f30000 - 0x00007ff886f3d000 	C:\Users\eb\.jdks\corretto-1.8.0_312\jre\bin\management.dll
0x00007ff886df0000 - 0x00007ff886e0a000 	C:\Users\eb\.jdks\corretto-1.8.0_312\jre\bin\net.dll
0x00007ff8898d0000 - 0x00007ff88993a000 	C:\Windows\system32\mswsock.dll
0x00007ff872190000 - 0x00007ff8721a7000 	C:\Windows\system32\napinsp.dll
0x00007ff86e2d0000 - 0x00007ff86e2eb000 	C:\Windows\system32\pnrpnsp.dll
0x00007ff86e2b0000 - 0x00007ff86e2c5000 	C:\Windows\system32\wshbth.dll
0x00007ff886be0000 - 0x00007ff886bfd000 	C:\Windows\system32\NLAapi.dll
0x00007ff889570000 - 0x00007ff8895ab000 	C:\Windows\SYSTEM32\IPHLPAPI.DLL
0x00007ff8895b0000 - 0x00007ff88967a000 	C:\Windows\SYSTEM32\DNSAPI.dll
0x00007ff88b050000 - 0x00007ff88b058000 	C:\Windows\System32\NSI.dll
0x00007ff86e1c0000 - 0x00007ff86e1d2000 	C:\Windows\System32\winrnr.dll
0x00007ff883040000 - 0x00007ff88304a000 	C:\Windows\System32\rasadhlp.dll
0x00007ff882c00000 - 0x00007ff882c80000 	C:\Windows\System32\fwpuclnt.dll
0x00007ff88a110000 - 0x00007ff88a137000 	C:\Windows\System32\bcrypt.dll
0x00007ff8745b0000 - 0x00007ff8745c2000 	C:\Users\eb\.jdks\corretto-1.8.0_312\jre\bin\nio.dll
0x00007ff889ac0000 - 0x00007ff889ad8000 	C:\Windows\SYSTEM32\CRYPTSP.dll
0x00007ff889180000 - 0x00007ff8891b4000 	C:\Windows\system32\rsaenh.dll
0x00007ff88a010000 - 0x00007ff88a03e000 	C:\Windows\SYSTEM32\USERENV.dll
0x00007ff88a5a0000 - 0x00007ff88a622000 	C:\Windows\System32\bcryptprimitives.dll
0x00007ff889ae0000 - 0x00007ff889aec000 	C:\Windows\SYSTEM32\CRYPTBASE.dll
0x00007ff8847b0000 - 0x00007ff8847c7000 	C:\Windows\SYSTEM32\dhcpcsvc6.DLL
0x00007ff884790000 - 0x00007ff8847ad000 	C:\Windows\SYSTEM32\dhcpcsvc.DLL

VM Arguments:
jvm_args: -Dfile.encoding=UTF-8 -Duser.country=KR -Duser.language=ko -Duser.variant 
java_command: com.example.watchigo.WatchigoApplication
java_class_path (initial): C:\Users\eb\Desktop\watchigoproject\build\classes\java\main;C:\Users\eb\Desktop\watchigoproject\build\resources\main;C:\Users\eb\.gradle\caches\modules-2\files-2.1\org.springframework.boot\spring-boot-devtools\2.6.3\7edce31138c468a256b458ba93ed34cae83e1591\spring-boot-devtools-2.6.3.jar;C:\Users\eb\.gradle\caches\modules-2\files-2.1\org.apache.poi\poi-ooxml\5.2.3\2efd11c940adb18c03eb9ce7ad88fc40ee6a196\poi-ooxml-5.2.3.jar;C:\Users\eb\.gradle\caches\modules-2\files-2.1\org.apache.poi\poi\5.2.3\2fb22ae74ad5aea6af1a9c64b9542f2ccf348604\poi-5.2.3.jar;C:\Users\eb\.gradle\caches\modules-2\files-2.1\org.springframework.boot\spring-boot-starter-data-jpa\2.6.3\74c60a724e4f81c7527b848ee24e91ba6facfe24\spring-boot-starter-data-jpa-2.6.3.jar;C:\Users\eb\.gradle\caches\modules-2\files-2.1\org.springframework.boot\spring-boot-starter-thymeleaf\2.6.3\1468befdafc10744d410848ea5ecb4d44c6c215b\spring-boot-starter-thymeleaf-2.6.3.jar;C:\Users\eb\.gradle\caches\modules-2\files-2.1\org.springframework.boot\spring-boot-starter-web\2.6.3\ceb6e909c144daf9e792069f5f0efd105c8712a\spring-boot-starter-web-2.6.3.jar;C:\Users\eb\.gradle\caches\modules-2\files-2.1\org.springframework.boot\spring-boot-starter-cache\2.6.3\f9a3a22f0cc6fea944032f8fce52d30c9db23312\spring-boot-starter-cache-2.6.3.jar;C:\Users\eb\.gradle\caches\modules-2\files-2.1\com.querydsl\querydsl-jpa\5.0.0\2d66608cb2cbcde56290e49f2918960cc17fcb09\querydsl-jpa-5.0.0.jar;C:\Users\eb\.gradle\caches\modules-2\files-2.1\io.jsonwebtoken\jjwt-impl\0.11.2\8fd8acf9d3cb9a2db05bfa484c2a1408cc3507f9\jjwt-impl-0.11.2.jar;C:\Users\eb\.gradle\caches\modules-2\files-2.1\io.jsonwebtoken\jjwt-jackson\0.11.2\bff0b63d4cbace7b38551a70350875e69201ffeb\jjwt-jackson-0.11.2.jar;C:\Users\eb\.gradle\caches\modules-2\files-2.1\io.jsonwebtoken\jjwt-api\0.11.2\57c34dce3e88f2972c5c5465b6291acfb5628084\jjwt-api-0.11.2.jar;C:\Users\eb\.gradle\caches\modules-2\files-2.1\mysql\mysql-connector-java\8.0.28\33678b1729d4f832b9e4bcb2d5bbd67
Launcher Type: SUN_STANDARD

Environment Variables:
JAVA_HOME=C:\Program Files\Java\jdk-11.0.1\
CLASSPATH=.;C:\Program Files\Java\jdk-11.0.1\\lib\tools.jar
PATH=C:\Program Files (x86)\Common Files\Oracle\Java\javapath;C:\Windows\system32;C:\Windows;C:\Windows\System32\Wbem;C:\Windows\System32\WindowsPowerShell\v1.0\;C:\Windows\System32\OpenSSH\;C:\Program Files (x86)\NVIDIA Corporation\PhysX\Common;C:\Program Files\NVIDIA Corporation\NVIDIA NvDLISR;C:\Program Files\Bandizip\;C:\Users\eb\AppData\Local\GitHubDesktop\app-2.9.6\resources\app\git\cmd;C:\Program Files\Java\jdk-11.0.1\\bin\;C:\Program Files\MySQL\MySQL Server 8.0\bin;C:\Program Files\dotnet\;C:\Program Files\Git\cmd;C:\Program Files\PuTTY\;C:\Program Files\MySQL\MySQL Shell 8.0\bin\;C:\Users\eb\AppData\Local\Microsoft\WindowsApps;C:\Users\eb\AppData\Local\Programs\Microsoft VS Code\bin;C:\Users\eb\AppData\Local\GitHubDesktop\bin;C:\Program Files\JetBrains\IntelliJ IDEA Community Edition 2021.3.2\bin;;C:\Users\eb\.dotnet\tools
USERNAME=eb
OS=Windows_NT
PROCESSOR_IDENTIFIER=Intel64 Family 6 Model 165 Stepping 3, GenuineIntel



---------------  S Y S T E M  ---------------

OS: Windows 10.0 , 64 bit Build 19041 (10.0.19041.2251)

CPU:total 12 (initial active 12) (6 cores per cpu, 2 threads per core) family 6 model 165 stepping 3, cmov, cx8, fxsr, mmx, sse, sse2, sse3, ssse3, sse4.1, sse4.2, popcnt, avx, avx2, aes, clmul, erms, 3dnowpref, lzcnt, ht, tsc, tscinvbit, bmi1, bmi2, adx

Memory: 4k page, physical 16626144k(1100468k free), swap 66957792k(10012k free)

vm_info: OpenJDK 64-Bit Server VM (25.312-b07) for windows-amd64 JRE (1.8.0_312-b07), built on Oct 14 2021 21:08:49 by "Administrator" with MS VC++ 12.0 (VS2013)

time: Thu Dec 08 20:41:16 2022
timezone: ¢¥eCN©öI¡¾©ö C¡ÍA¨ª¨öA
elapsed time: 5.616801 seconds (0d 0h 0m 5s)

